<?xml version="1.0" encoding="UTF-8"?>
<!-- Generated by org.testng.reporters.JUnitXMLReporter -->
<testsuite hostname="DESKTOP-T1UAQOT" ignored="2" name="chrome" tests="1" failures="0" timestamp="18 May 2018 07:10:50 GMT" time="69.205" errors="0">
  <testcase name="staticHeaderLinks" time="34.038" classname="browserLaunchPrg.Finance.MultipleLinkTesting"/>
  <testcase name="singleLink" time="0.0" classname="browserLaunchPrg.Finance.MultipleLinkTesting">
    <ignored/>
  </testcase> <!-- singleLink -->
  <testcase name="multipleLinks" time="0.0" classname="browserLaunchPrg.Finance.MultipleLinkTesting">
    <ignored/>
  </testcase> <!-- multipleLinks -->
</testsuite> <!-- chrome -->
