<?xml version="1.0" encoding="UTF-8"?>
<testng-results skipped="0" failed="0" ignored="0" total="1" passed="1">
  <reporter-output>
  </reporter-output>
  <suite name="Suite" duration-ms="48052" started-at="2018-05-16T08:25:44Z" finished-at="2018-05-16T08:26:32Z">
    <groups>
    </groups>
    <test name="chrome Test" duration-ms="48052" started-at="2018-05-16T08:25:44Z" finished-at="2018-05-16T08:26:32Z">
      <class name="browserLaunchPrg.Finance.TC001_LoginPage">
        <test-method status="PASS" signature="setUp(java.lang.String)[pri:0, instance:browserLaunchPrg.Finance.TC001_LoginPage@13c27452]" name="setUp" is-config="true" duration-ms="43045" started-at="2018-05-16T08:25:44Z" finished-at="2018-05-16T08:26:27Z">
          <params>
            <param index="0">
              <value>
                <![CDATA[chrome]]>
              </value>
            </param>
          </params>
          <reporter-output>
          </reporter-output>
        </test-method> <!-- setUp -->
        <test-method status="PASS" signature="customerLogin()[pri:0, instance:browserLaunchPrg.Finance.TC001_LoginPage@13c27452]" name="customerLogin" duration-ms="4711" started-at="2018-05-16T08:26:27Z" finished-at="2018-05-16T08:26:32Z">
          <reporter-output>
          </reporter-output>
        </test-method> <!-- customerLogin -->
        <test-method status="PASS" signature="kilProcess()[pri:0, instance:browserLaunchPrg.Finance.TC001_LoginPage@13c27452]" name="kilProcess" is-config="true" duration-ms="268" started-at="2018-05-16T08:26:32Z" finished-at="2018-05-16T08:26:32Z">
          <reporter-output>
          </reporter-output>
        </test-method> <!-- kilProcess -->
      </class> <!-- browserLaunchPrg.Finance.TC001_LoginPage -->
    </test> <!-- chrome Test -->
  </suite> <!-- Suite -->
</testng-results>
